<?xml version="1.0" encoding="UTF-8"?>
<testng-results ignored="0" total="1" passed="1" failed="0" skipped="0">
  <reporter-output>
  </reporter-output>
  <suite started-at="2024-02-06T18:01:13 IST" name="Default suite" finished-at="2024-02-06T18:02:04 IST" duration-ms="51426">
    <groups>
    </groups>
    <test started-at="2024-02-06T18:01:13 IST" name="Default test" finished-at="2024-02-06T18:02:04 IST" duration-ms="51426">
      <class name="Reports.RepostExample">
        <test-method signature="test()[pri:0, instance:Reports.RepostExample@77659b30]" started-at="2024-02-06T18:01:13 IST" name="test" finished-at="2024-02-06T18:02:04 IST" duration-ms="51142" status="PASS">
          <reporter-output>
          </reporter-output>
        </test-method> <!-- test -->
      </class> <!-- Reports.RepostExample -->
    </test> <!-- Default test -->
  </suite> <!-- Default suite -->
</testng-results>
